mail() on [/home/crpjobs4/public_html/projectcuria.com/engine/lib/notification.php:681]: To: zhang.6222@osu.edu -- Headers: Content-Type: text/plain; charset=UTF-8; format=flowed  MIME-Version: 1.0  Content-Transfer-Encoding: 8bit  From: site@projectcuria.com
mail() on [/home/crpjobs4/public_html/projectcuria.com/engine/lib/notification.php:681]: To: zhang.6222@osu.edu -- Headers: Content-Type: text/plain; charset=UTF-8; format=flowed  MIME-Version: 1.0  Content-Transfer-Encoding: 8bit  From: site@projectcuria.com
mail() on [/home/crpjobs4/public_html/projectcuria.com/engine/lib/notification.php:681]: To: zhang.6222@osu.edu -- Headers: Content-Type: text/plain; charset=UTF-8; format=flowed  MIME-Version: 1.0  Content-Transfer-Encoding: 8bit  From: site@projectcuria.com
mail() on [/home/crpjobs4/public_html/projectcuria.com/engine/lib/notification.php:681]: To: li.3289@buckeyemail.osu.edu -- Headers: Content-Type: text/plain; charset=UTF-8; format=flowed  MIME-Version: 1.0  Content-Transfer-Encoding: 8bit  From: site@projectcuria.com
mail() on [/home/crpjobs4/public_html/projectcuria.com/engine/lib/notification.php:681]: To: li.3289@buckeyemail.osu.edu -- Headers: Content-Type: text/plain; charset=UTF-8; format=flowed  MIME-Version: 1.0  Content-Transfer-Encoding: 8bit  From: site@projectcuria.com
mail() on [/home/crpjobs4/public_html/projectcuria.com/engine/lib/notification.php:681]: To: li.3289@buckeyemail.osu.edu -- Headers: Content-Type: text/plain; charset=UTF-8; format=flowed  MIME-Version: 1.0  Content-Transfer-Encoding: 8bit  From: site@projectcuria.com
mail() on [/home/crpjobs4/public_html/projectcuria.com/engine/lib/notification.php:681]: To: li.3289@buckeyemail.osu.edu -- Headers: Content-Type: text/plain; charset=UTF-8; format=flowed  MIME-Version: 1.0  Content-Transfer-Encoding: 8bit  From: site@projectcuria.com
mail() on [/home/crpjobs4/public_html/projectcuria.com/engine/lib/notification.php:681]: To: li.3289@buckeyemail.osu.edu -- Headers: Content-Type: text/plain; charset=UTF-8; format=flowed  MIME-Version: 1.0  Content-Transfer-Encoding: 8bit  From: site@projectcuria.com
mail() on [/home/crpjobs4/public_html/projectcuria.com/engine/lib/notification.php:681]: To: li.3289@buckeyemail.osu.edu -- Headers: Content-Type: text/plain; charset=UTF-8; format=flowed  MIME-Version: 1.0  Content-Transfer-Encoding: 8bit  From: site@projectcuria.com
mail() on [/home/crpjobs4/public_html/projectcuria.com/engine/lib/notification.php:681]: To: li.3289@buckeyemail.osu.edu -- Headers: Content-Type: text/plain; charset=UTF-8; format=flowed  MIME-Version: 1.0  Content-Transfer-Encoding: 8bit  From: site@projectcuria.com
mail() on [/home/crpjobs4/public_html/projectcuria.com/engine/lib/notification.php:681]: To: li.3289@buckeyemail.osu.edu -- Headers: Content-Type: text/plain; charset=UTF-8; format=flowed  MIME-Version: 1.0  Content-Transfer-Encoding: 8bit  From: site@projectcuria.com
mail() on [/home/crpjobs4/public_html/projectcuria.com/engine/lib/notification.php:681]: To: li.3289@buckeyemail.osu.edu -- Headers: Content-Type: text/plain; charset=UTF-8; format=flowed  MIME-Version: 1.0  Content-Transfer-Encoding: 8bit  From: site@projectcuria.com
mail() on [/home/crpjobs4/public_html/projectcuria.com/engine/lib/notification.php:681]: To: xfxjw9381@gmail.com -- Headers: Content-Type: text/plain; charset=UTF-8; format=flowed  MIME-Version: 1.0  Content-Transfer-Encoding: 8bit  From: site@projectcuria.com
mail() on [/home/crpjobs4/public_html/projectcuria.com/engine/lib/notification.php:681]: To: li.3289@buckeyemail.osu.edu -- Headers: Content-Type: text/plain; charset=UTF-8; format=flowed  MIME-Version: 1.0  Content-Transfer-Encoding: 8bit  From: site@projectcuria.com
mail() on [/home/crpjobs4/public_html/projectcuria.com/engine/lib/notification.php:681]: To: li.3289@buckeyemail.osu.edu -- Headers: Content-Type: text/plain; charset=UTF-8; format=flowed  MIME-Version: 1.0  Content-Transfer-Encoding: 8bit  From: site@projectcuria.com
mail() on [/home/crpjobs4/public_html/projectcuria.com/engine/lib/notification.php:681]: To: li.3289@buckeyemail.osu.edu -- Headers: Content-Type: text/plain; charset=UTF-8; format=flowed  MIME-Version: 1.0  Content-Transfer-Encoding: 8bit  From: site@projectcuria.com
mail() on [/home/crpjobs4/public_html/projectcuria.com/engine/lib/notification.php:681]: To: li.3289@buckeyemail.osu.edu -- Headers: Content-Type: text/plain; charset=UTF-8; format=flowed  MIME-Version: 1.0  Content-Transfer-Encoding: 8bit  From: site@projectcuria.com
mail() on [/home/crpjobs4/public_html/projectcuria.com/engine/lib/notification.php:681]: To: li.3289@buckeyemail.osu.edu -- Headers: Content-Type: text/plain; charset=UTF-8; format=flowed  MIME-Version: 1.0  Content-Transfer-Encoding: 8bit  From: site@projectcuria.com
mail() on [/home/crpjobs4/public_html/projectcuria.com/engine/lib/notification.php:681]: To: li.3289@osu.edu -- Headers: Content-Type: text/plain; charset=UTF-8; format=flowed  MIME-Version: 1.0  Content-Transfer-Encoding: 8bit  From: site@projectcuria.com
mail() on [/home/crpjobs4/public_html/projectcuria.com/engine/lib/notification.php:681]: To: li.3289@buckeyemail.osu.edu -- Headers: Content-Type: text/plain; charset=UTF-8; format=flowed  MIME-Version: 1.0  Content-Transfer-Encoding: 8bit  From: site@projectcuria.com
mail() on [/home/crpjobs4/public_html/projectcuria.com/engine/lib/notification.php:681]: To: li.3289@buckeyemail.osu.edu -- Headers: Content-Type: text/plain; charset=UTF-8; format=flowed  MIME-Version: 1.0  Content-Transfer-Encoding: 8bit  From: site@projectcuria.com
mail() on [/home/crpjobs4/public_html/projectcuria.com/engine/lib/notification.php:681]: To: patriciajmes.a@imail.com -- Headers: Content-Type: text/plain; charset=UTF-8; format=flowed  MIME-Version: 1.0  Content-Transfer-Encoding: 8bit  From: site@projectcuria.com
mail() on [/home/crpjobs4/public_html/projectcuria.com/engine/lib/notification.php:681]: To: li.3289@osu.edu -- Headers: Content-Type: text/plain; charset=UTF-8; format=flowed  MIME-Version: 1.0  Content-Transfer-Encoding: 8bit  From: site@projectcuria.com
mail() on [/home/crpjobs4/public_html/projectcuria.com/engine/lib/notification.php:681]: To: patriciajmesa@dvaar.com -- Headers: Content-Type: text/plain; charset=UTF-8; format=flowed  MIME-Version: 1.0  Content-Transfer-Encoding: 8bit  From: site@projectcuria.com
mail() on [/home/crpjobs4/public_html/projectcuria.com/engine/lib/notification.php:681]: To: patriciajmesa@dvaar.com -- Headers: Content-Type: text/plain; charset=UTF-8; format=flowed  MIME-Version: 1.0  Content-Transfer-Encoding: 8bit  From: site@projectcuria.com
mail() on [/home/crpjobs4/public_html/projectcuria.com/engine/lib/notification.php:681]: To: li.3289@buckeyemail.osu.edu -- Headers: Content-Type: text/plain; charset=UTF-8; format=flowed  MIME-Version: 1.0  Content-Transfer-Encoding: 8bit  From: site@projectcuria.com
mail() on [/home/crpjobs4/public_html/projectcuria.com/engine/lib/notification.php:681]: To: xfxjw9381@gmail.com -- Headers: Content-Type: text/plain; charset=UTF-8; format=flowed  MIME-Version: 1.0  Content-Transfer-Encoding: 8bit  From: site@projectcuria.com
mail() on [/home/crpjobs4/public_html/projectcuria.com/engine/lib/notification.php:681]: To: xfxjw9381@gmail.com -- Headers: Content-Type: text/plain; charset=UTF-8; format=flowed  MIME-Version: 1.0  Content-Transfer-Encoding: 8bit  From: site@projectcuria.com
mail() on [/home/crpjobs4/public_html/projectcuria.com/engine/lib/notification.php:681]: To: xfxjw9381@gmail.com -- Headers: Content-Type: text/plain; charset=UTF-8; format=flowed  MIME-Version: 1.0  Content-Transfer-Encoding: 8bit  From: site@projectcuria.com
mail() on [/home/crpjobs4/public_html/projectcuria.com/engine/lib/notification.php:681]: To: joseph9207@126.com -- Headers: Content-Type: text/plain; charset=UTF-8; format=flowed  MIME-Version: 1.0  Content-Transfer-Encoding: 8bit  From: site@projectcuria.com
mail() on [/home/crpjobs4/public_html/projectcuria.com/engine/lib/notification.php:681]: To: joseph9207@126.com -- Headers: Content-Type: text/plain; charset=UTF-8; format=flowed  MIME-Version: 1.0  Content-Transfer-Encoding: 8bit  From: site@projectcuria.com
mail() on [/home/crpjobs4/public_html/projectcuria.com/engine/lib/notification.php:681]: To: zellerzheng@gmail.com -- Headers: Content-Type: text/plain; charset=UTF-8; format=flowed  MIME-Version: 1.0  Content-Transfer-Encoding: 8bit  From: site@projectcuria.com
mail() on [/home/crpjobs4/public_html/projectcuria.com/engine/lib/notification.php:681]: To: jinjian9207@gmail.com -- Headers: Content-Type: text/plain; charset=UTF-8; format=flowed  MIME-Version: 1.0  Content-Transfer-Encoding: 8bit  From: site@projectcuria.com
mail() on [/home/crpjobs4/public_html/projectcuria.com/engine/lib/notification.php:681]: To: jinjian9207@gmail.com -- Headers: Content-Type: text/plain; charset=UTF-8; format=flowed  MIME-Version: 1.0  Content-Transfer-Encoding: 8bit  From: site@projectcuria.com
mail() on [/home/crpjobs4/public_html/projectcuria.com/engine/lib/notification.php:681]: To: jinjian9207@gmail.com -- Headers: Content-Type: text/plain; charset=UTF-8; format=flowed  MIME-Version: 1.0  Content-Transfer-Encoding: 8bit  From: site@projectcuria.com
mail() on [/home/crpjobs4/public_html/projectcuria.com/engine/lib/notification.php:681]: To: zhang.6222@buckeyemail.osu.edu -- Headers: Content-Type: text/plain; charset=UTF-8; format=flowed  MIME-Version: 1.0  Content-Transfer-Encoding: 8bit  From: site@projectcuria.com
mail() on [/home/crpjobs4/public_html/projectcuria.com/engine/lib/notification.php:681]: To: zhang.6222@buckeyemail.osu.edu -- Headers: Content-Type: text/plain; charset=UTF-8; format=flowed  MIME-Version: 1.0  Content-Transfer-Encoding: 8bit  Message-ID: </.entity.244.1459376811.1367@projectcuria.com>  From: site@projectcuria.com
mail() on [/home/crpjobs4/public_html/projectcuria.com/engine/lib/notification.php:681]: To: jinjian9207@gmail.com -- Headers: Content-Type: text/plain; charset=UTF-8; format=flowed  MIME-Version: 1.0  Content-Transfer-Encoding: 8bit  From: site@projectcuria.com
mail() on [/home/crpjobs4/public_html/projectcuria.com/engine/lib/notification.php:681]: To: zellerzheng@gmail.com -- Headers: Content-Type: text/plain; charset=UTF-8; format=flowed  MIME-Version: 1.0  Content-Transfer-Encoding: 8bit  From: site@projectcuria.com
mail() on [/home/crpjobs4/public_html/projectcuria.com/engine/lib/notification.php:681]: To: jinjian9207@gmail.com -- Headers: Content-Type: text/plain; charset=UTF-8; format=flowed  MIME-Version: 1.0  Content-Transfer-Encoding: 8bit  From: site@projectcuria.com
mail() on [/home/crpjobs4/public_html/projectcuria.com/engine/lib/notification.php:681]: To: jinjian9207@gmail.com -- Headers: Content-Type: text/plain; charset=UTF-8; format=flowed  MIME-Version: 1.0  Content-Transfer-Encoding: 8bit  From: site@projectcuria.com
mail() on [/home/crpjobs4/public_html/projectcuria.com/engine/lib/notification.php:681]: To: zhang.6222@buckeyemail.osu.edu -- Headers: Content-Type: text/plain; charset=UTF-8; format=flowed  MIME-Version: 1.0  Content-Transfer-Encoding: 8bit  From: site@projectcuria.com
mail() on [/home/crpjobs4/public_html/projectcuria.com/engine/lib/notification.php:681]: To: zellerzheng@gmail.com -- Headers: Content-Type: text/plain; charset=UTF-8; format=flowed  MIME-Version: 1.0  Content-Transfer-Encoding: 8bit  From: site@projectcuria.com
mail() on [/home/crpjobs4/public_html/projectcuria.com/engine/lib/notification.php:681]: To: jinjian9207@gmail.com -- Headers: Content-Type: text/plain; charset=UTF-8; format=flowed  MIME-Version: 1.0  Content-Transfer-Encoding: 8bit  From: site@projectcuria.com
mail() on [/home/crpjobs4/public_html/projectcuria.com/engine/lib/notification.php:681]: To: zellerzheng@gmail.com -- Headers: Content-Type: text/plain; charset=UTF-8; format=flowed  MIME-Version: 1.0  Content-Transfer-Encoding: 8bit  From: site@projectcuria.com
mail() on [/home/crpjobs4/public_html/projectcuria.com/engine/lib/notification.php:681]: To: zellerzheng@gmail.com -- Headers: Content-Type: text/plain; charset=UTF-8; format=flowed  MIME-Version: 1.0  Content-Transfer-Encoding: 8bit  From: site@projectcuria.com
mail() on [/home/crpjobs4/public_html/projectcuria.com/engine/lib/notification.php:681]: To: zellerzheng@gmail.com -- Headers: Content-Type: text/plain; charset=UTF-8; format=flowed  MIME-Version: 1.0  Content-Transfer-Encoding: 8bit  Message-ID: </.entity.64.1461688963.613@projectcuria.com>  From: site@projectcuria.com
mail() on [/home/crpjobs4/public_html/projectcuria.com/engine/lib/notification.php:681]: To: jinjian9207@gmail.com -- Headers: Content-Type: text/plain; charset=UTF-8; format=flowed  MIME-Version: 1.0  Content-Transfer-Encoding: 8bit  Message-ID: </.entity.201.1461688987.3028@projectcuria.com>  From: site@projectcuria.com
mail() on [/home/crpjobs4/public_html/projectcuria.com/engine/lib/notification.php:681]: To: jinjian9207@gmail.com -- Headers: Content-Type: text/plain; charset=UTF-8; format=flowed  MIME-Version: 1.0  Content-Transfer-Encoding: 8bit  Message-ID: </.entity.44.1461689003.3709@projectcuria.com>  From: site@projectcuria.com
mail() on [/home/crpjobs4/public_html/projectcuria.com/engine/lib/notification.php:681]: To: zellerzheng@gmail.com -- Headers: Content-Type: text/plain; charset=UTF-8; format=flowed  MIME-Version: 1.0  Content-Transfer-Encoding: 8bit  Message-ID: </.entity.201.1461689014.1936@projectcuria.com>  From: site@projectcuria.com
mail() on [/home/crpjobs4/public_html/projectcuria.com/engine/lib/notification.php:681]: To: xfxjw9381@gmail.com -- Headers: Content-Type: text/plain; charset=UTF-8; format=flowed  MIME-Version: 1.0  Content-Transfer-Encoding: 8bit  Message-ID: </.entity.64.1461693473.7376@projectcuria.com>  From: site@projectcuria.com
